<?xml version="1.0" encoding="UTF-8"?>
<testng-results skipped="0" failed="0" total="2" passed="2">
  <reporter-output>
  </reporter-output>
  <suite name="Suite" duration-ms="12214" started-at="2019-08-09T10:10:10Z" finished-at="2019-08-09T10:10:22Z">
    <groups>
    </groups>
    <test name="ChromeTest" duration-ms="12214" started-at="2019-08-09T10:10:10Z" finished-at="2019-08-09T10:10:22Z">
      <class name="test_Scripts.Sdx_task">
        <test-method status="PASS" signature="setup(java.lang.String)[pri:0, instance:test_Scripts.Sdx_task@4b6995df]" name="setup" is-config="true" duration-ms="9738" started-at="2019-08-09T03:10:10Z" finished-at="2019-08-09T03:10:20Z">
          <params>
            <param index="0">
              <value>
                <![CDATA[Chrome]]>
              </value>
            </param>
          </params>
          <reporter-output>
          </reporter-output>
        </test-method> <!-- setup -->
        <test-method status="PASS" signature="Homepage_DemoFri_WeB()[pri:0, instance:test_Scripts.Sdx_task@4b6995df]" name="Homepage_DemoFri_WeB" duration-ms="1906" started-at="2019-08-09T03:10:20Z" finished-at="2019-08-09T03:10:22Z">
          <reporter-output>
          </reporter-output>
        </test-method> <!-- Homepage_DemoFri_WeB -->
        <test-method status="PASS" signature="Verify_opinion_section()[pri:0, instance:test_Scripts.Sdx_task@4b6995df]" name="Verify_opinion_section" duration-ms="563" started-at="2019-08-09T03:10:22Z" finished-at="2019-08-09T03:10:22Z">
          <reporter-output>
          </reporter-output>
        </test-method> <!-- Verify_opinion_section -->
        <test-method status="PASS" signature="terminateBrowser()[pri:0, instance:test_Scripts.Sdx_task@4b6995df]" name="terminateBrowser" is-config="true" duration-ms="0" started-at="2019-08-09T03:10:22Z" finished-at="2019-08-09T03:10:22Z">
          <reporter-output>
          </reporter-output>
        </test-method> <!-- terminateBrowser -->
      </class> <!-- test_Scripts.Sdx_task -->
    </test> <!-- ChromeTest -->
  </suite> <!-- Suite -->
</testng-results>
